# JRE version: OpenJDK Runtime Environment (7.0_101) (build 1.7.0_101-b00)
# Java VM: OpenJDK 64-Bit Server VM (24.95-b01 mixed mode linux-amd64 compressed oops)
Heap
 PSYoungGen      total 69632K, used 64908K [0x00000000faa80000, 0x0000000100000000, 0x0000000100000000)
  eden space 64512K, 92% used [0x00000000faa80000,0x00000000fe4e36a0,0x00000000fe980000)
  from space 5120K, 99% used [0x00000000fe980000,0x00000000fee7fb98,0x00000000fee80000)
  to   space 17920K, 0% used [0x00000000fee80000,0x00000000fee80000,0x0000000100000000)
 ParOldGen       total 84480K, used 42591K [0x00000000f0000000, 0x00000000f5280000, 0x00000000faa80000)
  object space 84480K, 50% used [0x00000000f0000000,0x00000000f2997db0,0x00000000f5280000)
 PSPermGen       total 35840K, used 35352K [0x00000000e5a00000, 0x00000000e7d00000, 0x00000000f0000000)
  object space 35840K, 98% used [0x00000000e5a00000,0x00000000e7c862b0,0x00000000e7d00000)
GC Heap History (10 events):
Event: 2.006 GC heap before
{Heap before GC invocations=1 (full 0):
 PSYoungGen      total 37376K, used 32256K [0x00000000faa80000, 0x00000000fd400000, 0x0000000100000000)
  eden space 32256K, 100% used [0x00000000faa80000,0x00000000fca00000,0x00000000fca00000)
  from space 5120K, 0% used [0x00000000fcf00000,0x00000000fcf00000,0x00000000fd400000)
  to   space 5120K, 0% used [0x00000000fca00000,0x00000000fca00000,0x00000000fcf00000)
 ParOldGen       total 84480K, used 0K [0x00000000f0000000, 0x00000000f5280000, 0x00000000faa80000)
  object space 84480K, 0% used [0x00000000f0000000,0x00000000f0000000,0x00000000f5280000)
 PSPermGen       total 21504K, used 20259K [0x00000000e5a00000, 0x00000000e6f00000, 0x00000000f0000000)
  object space 21504K, 94% used [0x00000000e5a00000,0x00000000e6dc8c60,0x00000000e6f00000)
Event: 2.020 GC heap after
Heap after GC invocations=1 (full 0):
 PSYoungGen      total 37376K, used 5095K [0x00000000faa80000, 0x00000000fd400000, 0x0000000100000000)
  eden space 32256K, 0% used [0x00000000faa80000,0x00000000faa80000,0x00000000fca00000)
  from space 5120K, 99% used [0x00000000fca00000,0x00000000fcef9f50,0x00000000fcf00000)
  to   space 5120K, 0% used [0x00000000fcf00000,0x00000000fcf00000,0x00000000fd400000)
 ParOldGen       total 84480K, used 2675K [0x00000000f0000000, 0x00000000f5280000, 0x00000000faa80000)
  object space 84480K, 3% used [0x00000000f0000000,0x00000000f029cd10,0x00000000f5280000)
 PSPermGen       total 21504K, used 20259K [0x00000000e5a00000, 0x00000000e6f00000, 0x00000000f0000000)
  object space 21504K, 94% used [0x00000000e5a00000,0x00000000e6dc8c60,0x00000000e6f00000)
}
Event: 3.048 GC heap before
{Heap before GC invocations=2 (full 0):
 PSYoungGen      total 37376K, used 37351K [0x00000000faa80000, 0x00000000fd400000, 0x0000000100000000)
  eden space 32256K, 100% used [0x00000000faa80000,0x00000000fca00000,0x00000000fca00000)
  from space 5120K, 99% used [0x00000000fca00000,0x00000000fcef9f50,0x00000000fcf00000)
  to   space 5120K, 0% used [0x00000000fcf00000,0x00000000fcf00000,0x00000000fd400000)
 ParOldGen       total 84480K, used 2675K [0x00000000f0000000, 0x00000000f5280000, 0x00000000faa80000)
  object space 84480K, 3% used [0x00000000f0000000,0x00000000f029cd10,0x00000000f5280000)
 PSPermGen       total 24576K, used 24415K [0x00000000e5a00000, 0x00000000e7200000, 0x00000000f0000000)
  object space 24576K, 99% used [0x00000000e5a00000,0x00000000e71d7d20,0x00000000e7200000)
Event: 3.060 GC heap after
Heap after GC invocations=2 (full 0):
 PSYoungGen      total 37376K, used 5105K [0x00000000faa80000, 0x00000000fd400000, 0x0000000100000000)
  eden space 32256K, 0% used [0x00000000faa80000,0x00000000faa80000,0x00000000fca00000)
  from space 5120K, 99% used [0x00000000fcf00000,0x00000000fd3fc798,0x00000000fd400000)
  to   space 5120K, 0% used [0x00000000fca00000,0x00000000fca00000,0x00000000fcf00000)
 ParOldGen       total 84480K, used 4163K [0x00000000f0000000, 0x00000000f5280000, 0x00000000faa80000)
  object space 84480K, 4% used [0x00000000f0000000,0x00000000f0410e80,0x00000000f5280000)
 PSPermGen       total 24576K, used 24415K [0x00000000e5a00000, 0x00000000e7200000, 0x00000000f0000000)
  object space 24576K, 99% used [0x00000000e5a00000,0x00000000e71d7d20,0x00000000e7200000)
}
Event: 3.714 GC heap before
{Heap before GC invocations=3 (full 0):
 PSYoungGen      total 37376K, used 37361K [0x00000000faa80000, 0x00000000fd400000, 0x0000000100000000)
  eden space 32256K, 100% used [0x00000000faa80000,0x00000000fca00000,0x00000000fca00000)
  from space 5120K, 99% used [0x00000000fcf00000,0x00000000fd3fc798,0x00000000fd400000)
  to   space 5120K, 0% used [0x00000000fca00000,0x00000000fca00000,0x00000000fcf00000)
 ParOldGen       total 84480K, used 4163K [0x00000000f0000000, 0x00000000f5280000, 0x00000000faa80000)
  object space 84480K, 4% used [0x00000000f0000000,0x00000000f0410e80,0x00000000f5280000)
 PSPermGen       total 27648K, used 27410K [0x00000000e5a00000, 0x00000000e7500000, 0x00000000f0000000)
  object space 27648K, 99% used [0x00000000e5a00000,0x00000000e74c4820,0x00000000e7500000)
Event: 3.741 GC heap after
Heap after GC invocations=3 (full 0):
 PSYoungGen      total 37376K, used 5089K [0x00000000faa80000, 0x00000000ff380000, 0x0000000100000000)
  eden space 32256K, 0% used [0x00000000faa80000,0x00000000faa80000,0x00000000fca00000)
  from space 5120K, 99% used [0x00000000fca00000,0x00000000fcef8768,0x00000000fcf00000)
  to   space 5120K, 0% used [0x00000000fee80000,0x00000000fee80000,0x00000000ff380000)
 ParOldGen       total 84480K, used 5476K [0x00000000f0000000, 0x00000000f5280000, 0x00000000faa80000)
  object space 84480K, 6% used [0x00000000f0000000,0x00000000f0559118,0x00000000f5280000)
 PSPermGen       total 27648K, used 27410K [0x00000000e5a00000, 0x00000000e7500000, 0x00000000f0000000)
  object space 27648K, 99% used [0x00000000e5a00000,0x00000000e74c4820,0x00000000e7500000)
}
Event: 4.511 GC heap before
{Heap before GC invocations=4 (full 0):
 PSYoungGen      total 37376K, used 30647K [0x00000000faa80000, 0x00000000ff380000, 0x0000000100000000)
  eden space 32256K, 79% used [0x00000000faa80000,0x00000000fc375800,0x00000000fca00000)
  from space 5120K, 99% used [0x00000000fca00000,0x00000000fcef8768,0x00000000fcf00000)
  to   space 5120K, 0% used [0x00000000fee80000,0x00000000fee80000,0x00000000ff380000)
 ParOldGen       total 84480K, used 5476K [0x00000000f0000000, 0x00000000f5280000, 0x00000000faa80000)
  object space 84480K, 6% used [0x00000000f0000000,0x00000000f0559118,0x00000000f5280000)
 PSPermGen       total 31232K, used 30790K [0x00000000e5a00000, 0x00000000e7880000, 0x00000000f0000000)
  object space 31232K, 98% used [0x00000000e5a00000,0x00000000e7811858,0x00000000e7880000)
Event: 4.537 GC heap after
Heap after GC invocations=4 (full 0):
 PSYoungGen      total 69632K, used 5104K [0x00000000faa80000, 0x00000000ff380000, 0x0000000100000000)
  eden space 64512K, 0% used [0x00000000faa80000,0x00000000faa80000,0x00000000fe980000)
  from space 5120K, 99% used [0x00000000fee80000,0x00000000ff37c060,0x00000000ff380000)
  to   space 5120K, 0% used [0x00000000fe980000,0x00000000fe980000,0x00000000fee80000)
 ParOldGen       total 84480K, used 18174K [0x00000000f0000000, 0x00000000f5280000, 0x00000000faa80000)
  object space 84480K, 21% used [0x00000000f0000000,0x00000000f11bfa30,0x00000000f5280000)
 PSPermGen       total 31232K, used 30790K [0x00000000e5a00000, 0x00000000e7880000, 0x00000000f0000000)
  object space 31232K, 98% used [0x00000000e5a00000,0x00000000e7811858,0x00000000e7880000)
}
Event: 75.288 GC heap before
{Heap before GC invocations=5 (full 0):
 PSYoungGen      total 69632K, used 69616K [0x00000000faa80000, 0x00000000ff380000, 0x0000000100000000)
  eden space 64512K, 100% used [0x00000000faa80000,0x00000000fe980000,0x00000000fe980000)
  from space 5120K, 99% used [0x00000000fee80000,0x00000000ff37c060,0x00000000ff380000)
  to   space 5120K, 0% used [0x00000000fe980000,0x00000000fe980000,0x00000000fee80000)
 ParOldGen       total 84480K, used 18174K [0x00000000f0000000, 0x00000000f5280000, 0x00000000faa80000)
  object space 84480K, 21% used [0x00000000f0000000,0x00000000f11bfa30,0x00000000f5280000)
 PSPermGen       total 34304K, used 33804K [0x00000000e5a00000, 0x00000000e7b80000, 0x00000000f0000000)
  object space 34304K, 98% used [0x00000000e5a00000,0x00000000e7b03308,0x00000000e7b80000)
Event: 75.312 GC heap after
Heap after GC invocations=5 (full 0):
 PSYoungGen      total 69632K, used 5118K [0x00000000faa80000, 0x0000000100000000, 0x0000000100000000)
  eden space 64512K, 0% used [0x00000000faa80000,0x00000000faa80000,0x00000000fe980000)
  from space 5120K, 99% used [0x00000000fe980000,0x00000000fee7fb98,0x00000000fee80000)
  to   space 17920K, 0% used [0x00000000fee80000,0x00000000fee80000,0x0000000100000000)
 ParOldGen       total 84480K, used 42591K [0x00000000f0000000, 0x00000000f5280000, 0x00000000faa80000)
  object space 84480K, 50% used [0x00000000f0000000,0x00000000f2997db0,0x00000000f5280000)
 PSPermGen       total 34304K, used 33804K [0x00000000e5a00000, 0x00000000e7b80000, 0x00000000f0000000)
  object space 34304K, 98% used [0x00000000e5a00000,0x00000000e7b03308,0x00000000e7b80000)
}

