# JRE version: OpenJDK Runtime Environment (7.0_101) (build 1.7.0_101-b00)
# Java VM: OpenJDK 64-Bit Server VM (24.95-b01 mixed mode linux-amd64 compressed oops)
Heap
 PSYoungGen      total 67584K, used 57436K [0x00000000faa80000, 0x0000000100000000, 0x0000000100000000)
  eden space 62464K, 83% used [0x00000000faa80000,0x00000000fdd97b60,0x00000000fe780000)
  from space 5120K, 99% used [0x00000000fe980000,0x00000000fee7f610,0x00000000fee80000)
  to   space 17920K, 0% used [0x00000000fee80000,0x00000000fee80000,0x0000000100000000)
 ParOldGen       total 84480K, used 36417K [0x00000000f0000000, 0x00000000f5280000, 0x00000000faa80000)
  object space 84480K, 43% used [0x00000000f0000000,0x00000000f2390698,0x00000000f5280000)
 PSPermGen       total 35840K, used 35650K [0x00000000e5a00000, 0x00000000e7d00000, 0x00000000f0000000)
  object space 35840K, 99% used [0x00000000e5a00000,0x00000000e7cd09a8,0x00000000e7d00000)
GC Heap History (10 events):
Event: 1.814 GC heap before
{Heap before GC invocations=1 (full 0):
 PSYoungGen      total 37376K, used 32256K [0x00000000faa80000, 0x00000000fd400000, 0x0000000100000000)
  eden space 32256K, 100% used [0x00000000faa80000,0x00000000fca00000,0x00000000fca00000)
  from space 5120K, 0% used [0x00000000fcf00000,0x00000000fcf00000,0x00000000fd400000)
  to   space 5120K, 0% used [0x00000000fca00000,0x00000000fca00000,0x00000000fcf00000)
 ParOldGen       total 84480K, used 0K [0x00000000f0000000, 0x00000000f5280000, 0x00000000faa80000)
  object space 84480K, 0% used [0x00000000f0000000,0x00000000f0000000,0x00000000f5280000)
 PSPermGen       total 21504K, used 20412K [0x00000000e5a00000, 0x00000000e6f00000, 0x00000000f0000000)
  object space 21504K, 94% used [0x00000000e5a00000,0x00000000e6def2d8,0x00000000e6f00000)
Event: 1.828 GC heap after
Heap after GC invocations=1 (full 0):
 PSYoungGen      total 37376K, used 5117K [0x00000000faa80000, 0x00000000fd400000, 0x0000000100000000)
  eden space 32256K, 0% used [0x00000000faa80000,0x00000000faa80000,0x00000000fca00000)
  from space 5120K, 99% used [0x00000000fca00000,0x00000000fceff7b0,0x00000000fcf00000)
  to   space 5120K, 0% used [0x00000000fcf00000,0x00000000fcf00000,0x00000000fd400000)
 ParOldGen       total 84480K, used 2792K [0x00000000f0000000, 0x00000000f5280000, 0x00000000faa80000)
  object space 84480K, 3% used [0x00000000f0000000,0x00000000f02ba1b8,0x00000000f5280000)
 PSPermGen       total 21504K, used 20412K [0x00000000e5a00000, 0x00000000e6f00000, 0x00000000f0000000)
  object space 21504K, 94% used [0x00000000e5a00000,0x00000000e6def2d8,0x00000000e6f00000)
}
Event: 2.603 GC heap before
{Heap before GC invocations=2 (full 0):
 PSYoungGen      total 37376K, used 37373K [0x00000000faa80000, 0x00000000fd400000, 0x0000000100000000)
  eden space 32256K, 100% used [0x00000000faa80000,0x00000000fca00000,0x00000000fca00000)
  from space 5120K, 99% used [0x00000000fca00000,0x00000000fceff7b0,0x00000000fcf00000)
  to   space 5120K, 0% used [0x00000000fcf00000,0x00000000fcf00000,0x00000000fd400000)
 ParOldGen       total 84480K, used 2792K [0x00000000f0000000, 0x00000000f5280000, 0x00000000faa80000)
  object space 84480K, 3% used [0x00000000f0000000,0x00000000f02ba1b8,0x00000000f5280000)
 PSPermGen       total 24576K, used 24415K [0x00000000e5a00000, 0x00000000e7200000, 0x00000000f0000000)
  object space 24576K, 99% used [0x00000000e5a00000,0x00000000e71d7f08,0x00000000e7200000)
Event: 2.616 GC heap after
Heap after GC invocations=2 (full 0):
 PSYoungGen      total 37376K, used 5105K [0x00000000faa80000, 0x00000000ff380000, 0x0000000100000000)
  eden space 32256K, 0% used [0x00000000faa80000,0x00000000faa80000,0x00000000fca00000)
  from space 5120K, 99% used [0x00000000fcf00000,0x00000000fd3fc778,0x00000000fd400000)
  to   space 5120K, 0% used [0x00000000fca00000,0x00000000fca00000,0x00000000fcf00000)
 ParOldGen       total 84480K, used 4265K [0x00000000f0000000, 0x00000000f5280000, 0x00000000faa80000)
  object space 84480K, 5% used [0x00000000f0000000,0x00000000f042a770,0x00000000f5280000)
 PSPermGen       total 24576K, used 24415K [0x00000000e5a00000, 0x00000000e7200000, 0x00000000f0000000)
  object space 24576K, 99% used [0x00000000e5a00000,0x00000000e71d7f08,0x00000000e7200000)
}
Event: 3.220 GC heap before
{Heap before GC invocations=3 (full 0):
 PSYoungGen      total 37376K, used 37361K [0x00000000faa80000, 0x00000000ff380000, 0x0000000100000000)
  eden space 32256K, 100% used [0x00000000faa80000,0x00000000fca00000,0x00000000fca00000)
  from space 5120K, 99% used [0x00000000fcf00000,0x00000000fd3fc778,0x00000000fd400000)
  to   space 5120K, 0% used [0x00000000fca00000,0x00000000fca00000,0x00000000fcf00000)
 ParOldGen       total 84480K, used 4265K [0x00000000f0000000, 0x00000000f5280000, 0x00000000faa80000)
  object space 84480K, 5% used [0x00000000f0000000,0x00000000f042a770,0x00000000f5280000)
 PSPermGen       total 27648K, used 27464K [0x00000000e5a00000, 0x00000000e7500000, 0x00000000f0000000)
  object space 27648K, 99% used [0x00000000e5a00000,0x00000000e74d2070,0x00000000e7500000)
Event: 3.233 GC heap after
Heap after GC invocations=3 (full 0):
 PSYoungGen      total 37376K, used 5105K [0x00000000faa80000, 0x00000000ff380000, 0x0000000100000000)
  eden space 32256K, 0% used [0x00000000faa80000,0x00000000faa80000,0x00000000fca00000)
  from space 5120K, 99% used [0x00000000fca00000,0x00000000fcefc778,0x00000000fcf00000)
  to   space 5120K, 0% used [0x00000000fee80000,0x00000000fee80000,0x00000000ff380000)
 ParOldGen       total 84480K, used 5346K [0x00000000f0000000, 0x00000000f5280000, 0x00000000faa80000)
  object space 84480K, 6% used [0x00000000f0000000,0x00000000f0538b00,0x00000000f5280000)
 PSPermGen       total 27648K, used 27464K [0x00000000e5a00000, 0x00000000e7500000, 0x00000000f0000000)
  object space 27648K, 99% used [0x00000000e5a00000,0x00000000e74d2070,0x00000000e7500000)
}
Event: 26.886 GC heap before
{Heap before GC invocations=4 (full 0):
 PSYoungGen      total 37376K, used 37361K [0x00000000faa80000, 0x00000000ff380000, 0x0000000100000000)
  eden space 32256K, 100% used [0x00000000faa80000,0x00000000fca00000,0x00000000fca00000)
  from space 5120K, 99% used [0x00000000fca00000,0x00000000fcefc778,0x00000000fcf00000)
  to   space 5120K, 0% used [0x00000000fee80000,0x00000000fee80000,0x00000000ff380000)
 ParOldGen       total 84480K, used 5346K [0x00000000f0000000, 0x00000000f5280000, 0x00000000faa80000)
  object space 84480K, 6% used [0x00000000f0000000,0x00000000f0538b00,0x00000000f5280000)
 PSPermGen       total 31232K, used 31143K [0x00000000e5a00000, 0x00000000e7880000, 0x00000000f0000000)
  object space 31232K, 99% used [0x00000000e5a00000,0x00000000e7869ee8,0x00000000e7880000)
Event: 26.905 GC heap after
Heap after GC invocations=4 (full 0):
 PSYoungGen      total 69632K, used 5115K [0x00000000faa80000, 0x00000000ff380000, 0x0000000100000000)
  eden space 64512K, 0% used [0x00000000faa80000,0x00000000faa80000,0x00000000fe980000)
  from space 5120K, 99% used [0x00000000fee80000,0x00000000ff37ef08,0x00000000ff380000)
  to   space 5120K, 0% used [0x00000000fe980000,0x00000000fe980000,0x00000000fee80000)
 ParOldGen       total 84480K, used 17090K [0x00000000f0000000, 0x00000000f5280000, 0x00000000faa80000)
  object space 84480K, 20% used [0x00000000f0000000,0x00000000f10b0980,0x00000000f5280000)
 PSPermGen       total 31232K, used 31143K [0x00000000e5a00000, 0x00000000e7880000, 0x00000000f0000000)
  object space 31232K, 99% used [0x00000000e5a00000,0x00000000e7869ee8,0x00000000e7880000)
}
Event: 37.879 GC heap before
{Heap before GC invocations=5 (full 0):
 PSYoungGen      total 69632K, used 69627K [0x00000000faa80000, 0x00000000ff380000, 0x0000000100000000)
  eden space 64512K, 100% used [0x00000000faa80000,0x00000000fe980000,0x00000000fe980000)
  from space 5120K, 99% used [0x00000000fee80000,0x00000000ff37ef08,0x00000000ff380000)
  to   space 5120K, 0% used [0x00000000fe980000,0x00000000fe980000,0x00000000fee80000)
 ParOldGen       total 84480K, used 17090K [0x00000000f0000000, 0x00000000f5280000, 0x00000000faa80000)
  object space 84480K, 20% used [0x00000000f0000000,0x00000000f10b0980,0x00000000f5280000)
 PSPermGen       total 35840K, used 35332K [0x00000000e5a00000, 0x00000000e7d00000, 0x00000000f0000000)
  object space 35840K, 98% used [0x00000000e5a00000,0x00000000e7c81028,0x00000000e7d00000)
Event: 37.898 GC heap after
Heap after GC invocations=5 (full 0):
 PSYoungGen      total 67584K, used 5117K [0x00000000faa80000, 0x0000000100000000, 0x0000000100000000)
  eden space 62464K, 0% used [0x00000000faa80000,0x00000000faa80000,0x00000000fe780000)
  from space 5120K, 99% used [0x00000000fe980000,0x00000000fee7f610,0x00000000fee80000)
  to   space 17920K, 0% used [0x00000000fee80000,0x00000000fee80000,0x0000000100000000)
 ParOldGen       total 84480K, used 36417K [0x00000000f0000000, 0x00000000f5280000, 0x00000000faa80000)
  object space 84480K, 43% used [0x00000000f0000000,0x00000000f2390698,0x00000000f5280000)
 PSPermGen       total 35840K, used 35332K [0x00000000e5a00000, 0x00000000e7d00000, 0x00000000f0000000)
  object space 35840K, 98% used [0x00000000e5a00000,0x00000000e7c81028,0x00000000e7d00000)
}

