# JRE version: OpenJDK Runtime Environment (7.0_101) (build 1.7.0_101-b00)
# Java VM: OpenJDK 64-Bit Server VM (24.95-b01 mixed mode linux-amd64 compressed oops)
Heap
 PSYoungGen      total 67584K, used 27999K [0x00000000faa80000, 0x0000000100000000, 0x0000000100000000)
  eden space 62464K, 44% used [0x00000000faa80000,0x00000000fc5d7f90,0x00000000fe780000)
  from space 5120K, 0% used [0x00000000fe980000,0x00000000fe980000,0x00000000fee80000)
  to   space 17920K, 0% used [0x00000000fee80000,0x00000000fee80000,0x0000000100000000)
 ParOldGen       total 103424K, used 31232K [0x00000000f0000000, 0x00000000f6500000, 0x00000000faa80000)
  object space 103424K, 30% used [0x00000000f0000000,0x00000000f1e80340,0x00000000f6500000)
 PSPermGen       total 69120K, used 35782K [0x00000000e5a00000, 0x00000000e9d80000, 0x00000000f0000000)
  object space 69120K, 51% used [0x00000000e5a00000,0x00000000e7cf1810,0x00000000e9d80000)
GC Heap History (10 events):
Event: 2.604 GC heap before
{Heap before GC invocations=2 (full 0):
 PSYoungGen      total 37376K, used 37373K [0x00000000faa80000, 0x00000000fd400000, 0x0000000100000000)
  eden space 32256K, 100% used [0x00000000faa80000,0x00000000fca00000,0x00000000fca00000)
  from space 5120K, 99% used [0x00000000fca00000,0x00000000fceff7b0,0x00000000fcf00000)
  to   space 5120K, 0% used [0x00000000fcf00000,0x00000000fcf00000,0x00000000fd400000)
 ParOldGen       total 84480K, used 2794K [0x00000000f0000000, 0x00000000f5280000, 0x00000000faa80000)
  object space 84480K, 3% used [0x00000000f0000000,0x00000000f02baa38,0x00000000f5280000)
 PSPermGen       total 24576K, used 24415K [0x00000000e5a00000, 0x00000000e7200000, 0x00000000f0000000)
  object space 24576K, 99% used [0x00000000e5a00000,0x00000000e71d7d68,0x00000000e7200000)
Event: 2.616 GC heap after
Heap after GC invocations=2 (full 0):
 PSYoungGen      total 37376K, used 5088K [0x00000000faa80000, 0x00000000ff380000, 0x0000000100000000)
  eden space 32256K, 0% used [0x00000000faa80000,0x00000000faa80000,0x00000000fca00000)
  from space 5120K, 99% used [0x00000000fcf00000,0x00000000fd3f8010,0x00000000fd400000)
  to   space 5120K, 0% used [0x00000000fca00000,0x00000000fca00000,0x00000000fcf00000)
 ParOldGen       total 84480K, used 4306K [0x00000000f0000000, 0x00000000f5280000, 0x00000000faa80000)
  object space 84480K, 5% used [0x00000000f0000000,0x00000000f0434ba0,0x00000000f5280000)
 PSPermGen       total 24576K, used 24415K [0x00000000e5a00000, 0x00000000e7200000, 0x00000000f0000000)
  object space 24576K, 99% used [0x00000000e5a00000,0x00000000e71d7d68,0x00000000e7200000)
}
Event: 3.210 GC heap before
{Heap before GC invocations=3 (full 0):
 PSYoungGen      total 37376K, used 37344K [0x00000000faa80000, 0x00000000ff380000, 0x0000000100000000)
  eden space 32256K, 100% used [0x00000000faa80000,0x00000000fca00000,0x00000000fca00000)
  from space 5120K, 99% used [0x00000000fcf00000,0x00000000fd3f8010,0x00000000fd400000)
  to   space 5120K, 0% used [0x00000000fca00000,0x00000000fca00000,0x00000000fcf00000)
 ParOldGen       total 84480K, used 4306K [0x00000000f0000000, 0x00000000f5280000, 0x00000000faa80000)
  object space 84480K, 5% used [0x00000000f0000000,0x00000000f0434ba0,0x00000000f5280000)
 PSPermGen       total 28160K, used 27815K [0x00000000e5a00000, 0x00000000e7580000, 0x00000000f0000000)
  object space 28160K, 98% used [0x00000000e5a00000,0x00000000e7529d18,0x00000000e7580000)
Event: 3.222 GC heap after
Heap after GC invocations=3 (full 0):
 PSYoungGen      total 37376K, used 5104K [0x00000000faa80000, 0x00000000ff380000, 0x0000000100000000)
  eden space 32256K, 0% used [0x00000000faa80000,0x00000000faa80000,0x00000000fca00000)
  from space 5120K, 99% used [0x00000000fca00000,0x00000000fcefc060,0x00000000fcf00000)
  to   space 5120K, 0% used [0x00000000fee80000,0x00000000fee80000,0x00000000ff380000)
 ParOldGen       total 84480K, used 5603K [0x00000000f0000000, 0x00000000f5280000, 0x00000000faa80000)
  object space 84480K, 6% used [0x00000000f0000000,0x00000000f0578f88,0x00000000f5280000)
 PSPermGen       total 28160K, used 27815K [0x00000000e5a00000, 0x00000000e7580000, 0x00000000f0000000)
  object space 28160K, 98% used [0x00000000e5a00000,0x00000000e7529d18,0x00000000e7580000)
}
Event: 7.022 GC heap before
{Heap before GC invocations=4 (full 0):
 PSYoungGen      total 37376K, used 37360K [0x00000000faa80000, 0x00000000ff380000, 0x0000000100000000)
  eden space 32256K, 100% used [0x00000000faa80000,0x00000000fca00000,0x00000000fca00000)
  from space 5120K, 99% used [0x00000000fca00000,0x00000000fcefc060,0x00000000fcf00000)
  to   space 5120K, 0% used [0x00000000fee80000,0x00000000fee80000,0x00000000ff380000)
 ParOldGen       total 84480K, used 5603K [0x00000000f0000000, 0x00000000f5280000, 0x00000000faa80000)
  object space 84480K, 6% used [0x00000000f0000000,0x00000000f0578f88,0x00000000f5280000)
 PSPermGen       total 31232K, used 31109K [0x00000000e5a00000, 0x00000000e7880000, 0x00000000f0000000)
  object space 31232K, 99% used [0x00000000e5a00000,0x00000000e78614c8,0x00000000e7880000)
Event: 7.040 GC heap after
Heap after GC invocations=4 (full 0):
 PSYoungGen      total 69632K, used 5117K [0x00000000faa80000, 0x00000000ff380000, 0x0000000100000000)
  eden space 64512K, 0% used [0x00000000faa80000,0x00000000faa80000,0x00000000fe980000)
  from space 5120K, 99% used [0x00000000fee80000,0x00000000ff37f558,0x00000000ff380000)
  to   space 5120K, 0% used [0x00000000fe980000,0x00000000fe980000,0x00000000fee80000)
 ParOldGen       total 84480K, used 30455K [0x00000000f0000000, 0x00000000f5280000, 0x00000000faa80000)
  object space 84480K, 36% used [0x00000000f0000000,0x00000000f1dbdc30,0x00000000f5280000)
 PSPermGen       total 31232K, used 31109K [0x00000000e5a00000, 0x00000000e7880000, 0x00000000f0000000)
  object space 31232K, 99% used [0x00000000e5a00000,0x00000000e78614c8,0x00000000e7880000)
}
Event: 95.677 GC heap before
{Heap before GC invocations=5 (full 0):
 PSYoungGen      total 69632K, used 69629K [0x00000000faa80000, 0x00000000ff380000, 0x0000000100000000)
  eden space 64512K, 100% used [0x00000000faa80000,0x00000000fe980000,0x00000000fe980000)
  from space 5120K, 99% used [0x00000000fee80000,0x00000000ff37f558,0x00000000ff380000)
  to   space 5120K, 0% used [0x00000000fe980000,0x00000000fe980000,0x00000000fee80000)
 ParOldGen       total 84480K, used 30455K [0x00000000f0000000, 0x00000000f5280000, 0x00000000faa80000)
  object space 84480K, 36% used [0x00000000f0000000,0x00000000f1dbdc30,0x00000000f5280000)
 PSPermGen       total 34816K, used 34435K [0x00000000e5a00000, 0x00000000e7c00000, 0x00000000f0000000)
  object space 34816K, 98% used [0x00000000e5a00000,0x00000000e7ba0e80,0x00000000e7c00000)
Event: 95.703 GC heap after
Heap after GC invocations=5 (full 0):
 PSYoungGen      total 67584K, used 5117K [0x00000000faa80000, 0x0000000100000000, 0x0000000100000000)
  eden space 62464K, 0% used [0x00000000faa80000,0x00000000faa80000,0x00000000fe780000)
  from space 5120K, 99% used [0x00000000fe980000,0x00000000fee7f5d0,0x00000000fee80000)
  to   space 17920K, 0% used [0x00000000fee80000,0x00000000fee80000,0x0000000100000000)
 ParOldGen       total 84480K, used 59535K [0x00000000f0000000, 0x00000000f5280000, 0x00000000faa80000)
  object space 84480K, 70% used [0x00000000f0000000,0x00000000f3a23c68,0x00000000f5280000)
 PSPermGen       total 34816K, used 34435K [0x00000000e5a00000, 0x00000000e7c00000, 0x00000000f0000000)
  object space 34816K, 98% used [0x00000000e5a00000,0x00000000e7ba0e80,0x00000000e7c00000)
}
Event: 95.703 GC heap before
{Heap before GC invocations=6 (full 1):
 PSYoungGen      total 67584K, used 5117K [0x00000000faa80000, 0x0000000100000000, 0x0000000100000000)
  eden space 62464K, 0% used [0x00000000faa80000,0x00000000faa80000,0x00000000fe780000)
  from space 5120K, 99% used [0x00000000fe980000,0x00000000fee7f5d0,0x00000000fee80000)
  to   space 17920K, 0% used [0x00000000fee80000,0x00000000fee80000,0x0000000100000000)
 ParOldGen       total 84480K, used 59535K [0x00000000f0000000, 0x00000000f5280000, 0x00000000faa80000)
  object space 84480K, 70% used [0x00000000f0000000,0x00000000f3a23c68,0x00000000f5280000)
 PSPermGen       total 34816K, used 34435K [0x00000000e5a00000, 0x00000000e7c00000, 0x00000000f0000000)
  object space 34816K, 98% used [0x00000000e5a00000,0x00000000e7ba0e80,0x00000000e7c00000)
Event: 95.881 GC heap after
Heap after GC invocations=6 (full 1):
 PSYoungGen      total 67584K, used 0K [0x00000000faa80000, 0x0000000100000000, 0x0000000100000000)
  eden space 62464K, 0% used [0x00000000faa80000,0x00000000faa80000,0x00000000fe780000)
  from space 5120K, 0% used [0x00000000fe980000,0x00000000fe980000,0x00000000fee80000)
  to   space 17920K, 0% used [0x00000000fee80000,0x00000000fee80000,0x0000000100000000)
 ParOldGen       total 103424K, used 31232K [0x00000000f0000000, 0x00000000f6500000, 0x00000000faa80000)
  object space 103424K, 30% used [0x00000000f0000000,0x00000000f1e80340,0x00000000f6500000)
 PSPermGen       total 69120K, used 34423K [0x00000000e5a00000, 0x00000000e9d80000, 0x00000000f0000000)
  object space 69120K, 49% used [0x00000000e5a00000,0x00000000e7b9dff8,0x00000000e9d80000)
}

